<component name="libraryTable">
  <library name="junit-4.12 (2)">
    <CLASSES>
      <root url="jar://$PROJECT_DIR$/16_json_ajax_i18n/web/WEB-INF/lib/junit-4.12.jar!/" />
    </CLASSES>
    <JAVADOC />
    <SOURCES />
  </library>
</component>